c:\users\keith\documents\visual studio 2013\projects\finalyearproject\finalyearproject\debug\vc120.pdb
c:\users\keith\documents\visual studio 2013\projects\finalyearproject\finalyearproject\debug\vc120.idb
c:\users\keith\documents\visual studio 2013\projects\finalyearproject\finalyearproject\debug\ball.nativecodeanalysis.xml
c:\users\keith\documents\visual studio 2013\projects\finalyearproject\finalyearproject\debug\block.nativecodeanalysis.xml
c:\users\keith\documents\visual studio 2013\projects\finalyearproject\finalyearproject\debug\game.nativecodeanalysis.xml
c:\users\keith\documents\visual studio 2013\projects\finalyearproject\finalyearproject\debug\heavy_block.nativecodeanalysis.xml
c:\users\keith\documents\visual studio 2013\projects\finalyearproject\finalyearproject\debug\level.nativecodeanalysis.xml
c:\users\keith\documents\visual studio 2013\projects\finalyearproject\finalyearproject\debug\level_select.nativecodeanalysis.xml
c:\users\keith\documents\visual studio 2013\projects\finalyearproject\finalyearproject\debug\main.nativecodeanalysis.xml
c:\users\keith\documents\visual studio 2013\projects\finalyearproject\finalyearproject\debug\menu.nativecodeanalysis.xml
c:\users\keith\documents\visual studio 2013\projects\finalyearproject\finalyearproject\debug\note_block.nativecodeanalysis.xml
c:\users\keith\documents\visual studio 2013\projects\finalyearproject\finalyearproject\debug\options.nativecodeanalysis.xml
c:\users\keith\documents\visual studio 2013\projects\finalyearproject\finalyearproject\debug\paddle.nativecodeanalysis.xml
c:\users\keith\documents\visual studio 2013\projects\finalyearproject\finalyearproject\debug\resource.nativecodeanalysis.xml
c:\users\keith\documents\visual studio 2013\projects\finalyearproject\finalyearproject\debug\standard_block.nativecodeanalysis.xml
c:\users\keith\documents\visual studio 2013\projects\finalyearproject\finalyearproject\debug\musical_string.nativecodeanalysis.xml
c:\users\keith\documents\visual studio 2013\projects\finalyearproject\finalyearproject\debug\titan_block.nativecodeanalysis.xml
c:\users\keith\documents\visual studio 2013\projects\finalyearproject\finalyearproject\debug\virtuo_block.nativecodeanalysis.xml
c:\users\keith\documents\visual studio 2013\projects\finalyearproject\finalyearproject\debug\titan_block.obj
c:\users\keith\documents\visual studio 2013\projects\finalyearproject\finalyearproject\debug\musical_string.obj
c:\users\keith\documents\visual studio 2013\projects\finalyearproject\finalyearproject\debug\block.obj
c:\users\keith\documents\visual studio 2013\projects\finalyearproject\finalyearproject\debug\ball.obj
c:\users\keith\documents\visual studio 2013\projects\finalyearproject\finalyearproject\debug\heavy_block.obj
c:\users\keith\documents\visual studio 2013\projects\finalyearproject\finalyearproject\debug\note_block.obj
c:\users\keith\documents\visual studio 2013\projects\finalyearproject\finalyearproject\debug\paddle.obj
c:\users\keith\documents\visual studio 2013\projects\finalyearproject\finalyearproject\debug\standard_block.obj
c:\users\keith\documents\visual studio 2013\projects\finalyearproject\finalyearproject\debug\virtuo_block.obj
c:\users\keith\documents\visual studio 2013\projects\finalyearproject\finalyearproject\debug\options.obj
c:\users\keith\documents\visual studio 2013\projects\finalyearproject\finalyearproject\debug\game.obj
c:\users\keith\documents\visual studio 2013\projects\finalyearproject\finalyearproject\debug\level_select.obj
c:\users\keith\documents\visual studio 2013\projects\finalyearproject\finalyearproject\debug\level.obj
c:\users\keith\documents\visual studio 2013\projects\finalyearproject\finalyearproject\debug\main.obj
c:\users\keith\documents\visual studio 2013\projects\finalyearproject\finalyearproject\debug\menu.obj
c:\users\keith\documents\visual studio 2013\projects\finalyearproject\finalyearproject\debug\resource.obj
c:\users\keith\documents\visual studio 2013\projects\finalyearproject\debug\finalyearproject.ilk
c:\users\keith\documents\visual studio 2013\projects\finalyearproject\debug\finalyearproject.exe
c:\users\keith\documents\visual studio 2013\projects\finalyearproject\debug\finalyearproject.pdb
c:\users\keith\documents\visual studio 2013\projects\finalyearproject\finalyearproject\debug\nativecodeanalysis.read.1.tlog
c:\users\keith\documents\visual studio 2013\projects\finalyearproject\finalyearproject\debug\vc.nativecodeanalysis.all.xml
c:\users\keith\documents\visual studio 2013\projects\finalyearproject\debug\finalyearproject.exe.lastcodeanalysissucceeded
c:\users\keith\documents\visual studio 2013\projects\finalyearproject\finalyearproject\debug\finalyearproject.tlog\cl.command.1.tlog
c:\users\keith\documents\visual studio 2013\projects\finalyearproject\finalyearproject\debug\finalyearproject.tlog\cl.read.1.tlog
c:\users\keith\documents\visual studio 2013\projects\finalyearproject\finalyearproject\debug\finalyearproject.tlog\cl.write.1.tlog
c:\users\keith\documents\visual studio 2013\projects\finalyearproject\finalyearproject\debug\finalyearproject.tlog\link.command.1.tlog
c:\users\keith\documents\visual studio 2013\projects\finalyearproject\finalyearproject\debug\finalyearproject.tlog\link.read.1.tlog
c:\users\keith\documents\visual studio 2013\projects\finalyearproject\finalyearproject\debug\finalyearproject.tlog\link.write.1.tlog
